# JRE version: Java(TM) SE Runtime Environment (17.0.9+11) (build 17.0.9+11-LTS-201)
# Java VM: Java HotSpot(TM) 64-Bit Server VM (17.0.9+11-LTS-201, mixed mode, sharing, tiered, compressed oops, compressed class ptrs, g1 gc, windows-amd64)
GC Precious Log:
 CPUs: 4 total, 4 available
 Memory: 8108M
 Large Page Support: Disabled
 NUMA Support: Disabled
 Compressed Oops: Enabled (32-bit)
 Heap Region Size: 1M
 Heap Min Capacity: 8M
 Heap Initial Capacity: 128M
 Heap Max Capacity: 2028M
 Pre-touch: Disabled
 Parallel Workers: 4
 Concurrent Workers: 1
 Concurrent Refinement Workers: 4
 Periodic GC: Disabled
Heap:
 garbage-first heap   total 131072K, used 26873K [0x0000000081400000, 0x0000000100000000)
  region size 1024K, 19 young (19456K), 4 survivors (4096K)
 Metaspace       used 18200K, committed 18560K, reserved 1114112K
  class space    used 2266K, committed 2432K, reserved 1048576K
GC Heap History (6 events):
Event: 1.419 GC heap before
{Heap before GC invocations=0 (full 0):
 garbage-first heap   total 131072K, used 14336K [0x0000000081400000, 0x0000000100000000)
  region size 1024K, 13 young (13312K), 0 survivors (0K)
 Metaspace       used 4897K, committed 5056K, reserved 1114112K
  class space    used 522K, committed 640K, reserved 1048576K
}
Event: 1.456 GC heap after
{Heap after GC invocations=1 (full 0):
 garbage-first heap   total 131072K, used 7869K [0x0000000081400000, 0x0000000100000000)
  region size 1024K, 2 young (2048K), 2 survivors (2048K)
 Metaspace       used 4897K, committed 5056K, reserved 1114112K
  class space    used 522K, committed 640K, reserved 1048576K
}
Event: 1.945 GC heap before
{Heap before GC invocations=1 (full 0):
 garbage-first heap   total 131072K, used 17085K [0x0000000081400000, 0x0000000100000000)
  region size 1024K, 11 young (11264K), 2 survivors (2048K)
 Metaspace       used 7475K, committed 7808K, reserved 1114112K
  class space    used 879K, committed 1024K, reserved 1048576K
}
Event: 1.948 GC heap after
{Heap after GC invocations=2 (full 0):
 garbage-first heap   total 131072K, used 8777K [0x0000000081400000, 0x0000000100000000)
  region size 1024K, 1 young (1024K), 1 survivors (1024K)
 Metaspace       used 7475K, committed 7808K, reserved 1114112K
  class space    used 879K, committed 1024K, reserved 1048576K
}
Event: 10.996 GC heap before
{Heap before GC invocations=2 (full 0):
 garbage-first heap   total 131072K, used 37449K [0x0000000081400000, 0x0000000100000000)
  region size 1024K, 29 young (29696K), 1 survivors (1024K)
 Metaspace       used 17661K, committed 17984K, reserved 1114112K
  class space    used 2210K, committed 2368K, reserved 1048576K
}
Event: 11.008 GC heap after
{Heap after GC invocations=3 (full 0):
 garbage-first heap   total 131072K, used 12537K [0x0000000081400000, 0x0000000100000000)
  region size 1024K, 4 young (4096K), 4 survivors (4096K)
 Metaspace       used 17661K, committed 17984K, reserved 1114112K
  class space    used 2210K, committed 2368K, reserved 1048576K
}

